#
# There is insufficient memory for the Java Runtime Environment to continue.
# Native memory allocation (malloc) failed to allocate 145216 bytes. Error detail: Chunk::new
# Possible reasons:
#   The system is out of physical RAM or swap space
#   This process is running with CompressedOops enabled, and the Java Heap may be blocking the growth of the native heap
# Possible solutions:
#   Reduce memory load on the system
#   Increase physical memory or swap space
#   Check if swap backing store is full
#   Decrease Java heap size (-Xmx/-Xms)
#   Decrease number of Java threads
#   Decrease Java thread stack sizes (-Xss)
#   Set larger code cache with -XX:ReservedCodeCacheSize=
#   JVM is running with Unscaled Compressed Oops mode in which the Java heap is
#     placed in the first 4GB address space. The Java Heap base address is the
#     maximum limit for the native heap growth. Please use -XX:HeapBaseMinAddress
#     to set the Java Heap base and to place the Java Heap above 4GB virtual address.
# This output file may be truncated or incomplete.
#
#  Out of Memory Error (arena.cpp:168), pid=14832, tid=5932
#
# JRE version: OpenJDK Runtime Environment Temurin-21.0.10+7 (21.0.10+7) (build 21.0.10+7-LTS)
# Java VM: OpenJDK 64-Bit Server VM Temurin-21.0.10+7 (21.0.10+7-LTS, mixed mode, sharing, tiered, compressed oops, compressed class ptrs, parallel gc, windows-amd64)
# No core dump will be written. Minidumps are not enabled by default on client versions of Windows
#

---------------  S U M M A R Y ------------

Command Line: --add-modules=ALL-SYSTEM --add-opens=java.base/java.util=ALL-UNNAMED --add-opens=java.base/java.lang=ALL-UNNAMED --add-opens=java.base/sun.nio.fs=ALL-UNNAMED -Declipse.application=org.eclipse.jdt.ls.core.id1 -Dosgi.bundles.defaultStartLevel=4 -Declipse.product=org.eclipse.jdt.ls.core.product -Djava.import.generatesMetadataFilesAtProjectRoot=false -DDetectVMInstallationsJob.disabled=true -Dfile.encoding=utf8 -XX:+UseParallelGC -XX:GCTimeRatio=4 -XX:AdaptiveSizePolicyWeight=90 -Dsun.zip.disableMemoryMapping=true -Xmx2G -Xms100m -Xlog:disable -javaagent:c:\Users\yasmi\.vscode\extensions\redhat.java-1.54.0-win32-x64\lombok\lombok-1.18.39-4050.jar -XX:+HeapDumpOnOutOfMemoryError -XX:HeapDumpPath=c:\Users\yasmi\AppData\Roaming\Code\User\workspaceStorage\fb95885e1149e0d0c16ecc87a50d2199\redhat.java -Daether.dependencyCollector.impl=bf c:\Users\yasmi\.vscode\extensions\redhat.java-1.54.0-win32-x64\server\plugins\org.eclipse.equinox.launcher_1.7.100.v20251111-0406.jar -configuration c:\Users\yasmi\AppData\Roaming\Code\User\globalStorage\redhat.java\1.54.0\config_win -data c:\Users\yasmi\AppData\Roaming\Code\User\workspaceStorage\fb95885e1149e0d0c16ecc87a50d2199\redhat.java\jdt_ws --pipe=\\.\pipe\lsp-0c406d5cd0281c1c934cfc84dc5587f0-sock

Host: AMD Ryzen 5 5500U with Radeon Graphics         , 12 cores, 3G,  Windows 11 , 64 bit Build 26100 (10.0.26100.8328)
Time: Tue Jun  2 20:37:00 2026 Hora Padrăo da Bahia elapsed time: 13.185820 seconds (0d 0h 0m 13s)

---------------  T H R E A D  ---------------

Current thread (0x000001998e69d4c0):  JavaThread "C2 CompilerThread0" daemon [_thread_in_native, id=5932, stack(0x0000003747000000,0x0000003747100000) (1024K)]


Current CompileTask:
C2:13186  533       4       lombok.launch.PackageShader::apply (252 bytes)

Stack: [0x0000003747000000,0x0000003747100000]
Native frames: (J=compiled Java code, j=interpreted, Vv=VM code, C=native code)
V  [jvm.dll+0x6d7a39]
V  [jvm.dll+0x8b4b26]
V  [jvm.dll+0x8b70de]
V  [jvm.dll+0x8b77c3]
V  [jvm.dll+0x284346]
V  [jvm.dll+0xc66ed]
V  [jvm.dll+0xc6c31]
V  [jvm.dll+0x3bec3b]
V  [jvm.dll+0x1e396e]
V  [jvm.dll+0x24c6b3]
V  [jvm.dll+0x24bb40]
V  [jvm.dll+0x1cb34e]
V  [jvm.dll+0x25b85d]
V  [jvm.dll+0x259dea]
V  [jvm.dll+0x3f857e]
V  [jvm.dll+0x85f59d]
V  [jvm.dll+0x6d626d]
C  [ucrtbase.dll+0x37b0]
C  [KERNEL32.DLL+0x2e957]
C  [ntdll.dll+0x427c]


---------------  P R O C E S S  ---------------

Threads class SMR info:
_java_thread_list=0x000001998e9c8fa0, length=11, elements={
0x0000019933483cd0, 0x00000199358a97a0, 0x00000199358abf80, 0x00000199358b46d0,
0x00000199358b6d50, 0x00000199358b9640, 0x00000199358be1b0, 0x000001998e69d4c0,
0x000001998e69b690, 0x000001998e905520, 0x000001998e9174c0
}

Java Threads: ( => current thread )
  0x0000019933483cd0 JavaThread "main"                              [_thread_in_vm, id=4956, stack(0x0000003746600000,0x0000003746700000) (1024K)]
  0x00000199358a97a0 JavaThread "Reference Handler"          daemon [_thread_blocked, id=22064, stack(0x0000003746a00000,0x0000003746b00000) (1024K)]
  0x00000199358abf80 JavaThread "Finalizer"                  daemon [_thread_blocked, id=8272, stack(0x0000003746b00000,0x0000003746c00000) (1024K)]
  0x00000199358b46d0 JavaThread "Signal Dispatcher"          daemon [_thread_blocked, id=21908, stack(0x0000003746c00000,0x0000003746d00000) (1024K)]
  0x00000199358b6d50 JavaThread "Attach Listener"            daemon [_thread_blocked, id=11476, stack(0x0000003746d00000,0x0000003746e00000) (1024K)]
  0x00000199358b9640 JavaThread "Service Thread"             daemon [_thread_blocked, id=17436, stack(0x0000003746e00000,0x0000003746f00000) (1024K)]
  0x00000199358be1b0 JavaThread "Monitor Deflation Thread"   daemon [_thread_blocked, id=14216, stack(0x0000003746f00000,0x0000003747000000) (1024K)]
=>0x000001998e69d4c0 JavaThread "C2 CompilerThread0"         daemon [_thread_in_native, id=5932, stack(0x0000003747000000,0x0000003747100000) (1024K)]
  0x000001998e69b690 JavaThread "C1 CompilerThread0"         daemon [_thread_blocked, id=7944, stack(0x0000003747100000,0x0000003747200000) (1024K)]
  0x000001998e905520 JavaThread "Common-Cleaner"             daemon [_thread_blocked, id=21692, stack(0x0000003747200000,0x0000003747300000) (1024K)]
  0x000001998e9174c0 JavaThread "Notification Thread"        daemon [_thread_blocked, id=13500, stack(0x0000003747300000,0x0000003747400000) (1024K)]
Total: 11

Other Threads:
  0x000001998e690fe0 VMThread "VM Thread"                           [id=15724, stack(0x0000003746900000,0x0000003746a00000) (1024K)]
  0x0000019935983e40 WatcherThread "VM Periodic Task Thread"        [id=20924, stack(0x0000003746800000,0x0000003746900000) (1024K)]
  0x0000019935930490 WorkerThread "GC Thread#0"                     [id=6828, stack(0x0000003746700000,0x0000003746800000) (1024K)]
Total: 3

Threads with active compile tasks:
C2 CompilerThread0  15003  533       4       lombok.launch.PackageShader::apply (252 bytes)
Total: 1

VM state: not at safepoint (normal execution)

VM Mutex/Monitor currently owned by a thread:  ([mutex/lock_event])
[0x00007ffe8d42c4e0] Metaspace_lock - owner thread: 0x0000019933483cd0

Heap address: 0x0000000080000000, size: 2048 MB, Compressed Oops mode: 32-bit

CDS archive(s) mapped at: [0x000001994d000000-0x000001994dba0000-0x000001994dba0000), size 12189696, SharedBaseAddress: 0x000001994d000000, ArchiveRelocationMode: 1.
Compressed class space mapped at: 0x000001994e000000-0x000001998e000000, reserved size: 1073741824
Narrow klass base: 0x000001994d000000, Narrow klass shift: 0, Narrow klass range: 0x100000000

GC Precious Log:
 CardTable entry size: 512
 CPUs: 12 total, 12 available
 Memory: 3429M
 Large Page Support: Disabled
 NUMA Support: Disabled
 Compressed Oops: Enabled (32-bit)
 Alignments: Space 512K, Generation 512K, Heap 2M
 Heap Min Capacity: 100M
 Heap Initial Capacity: 100M
 Heap Max Capacity: 2G
 Pre-touch: Disabled
 Parallel Workers: 10

Heap:
 PSYoungGen      total 29696K, used 11797K [0x00000000d5580000, 0x00000000d7680000, 0x0000000100000000)
  eden space 25600K, 46% used [0x00000000d5580000,0x00000000d61057e0,0x00000000d6e80000)
  from space 4096K, 0% used [0x00000000d7280000,0x00000000d7280000,0x00000000d7680000)
  to   space 4096K, 0% used [0x00000000d6e80000,0x00000000d6e80000,0x00000000d7280000)
 ParOldGen       total 68608K, used 0K [0x0000000080000000, 0x0000000084300000, 0x00000000d5580000)
  object space 68608K, 0% used [0x0000000080000000,0x0000000080000000,0x0000000084300000)
 Metaspace       used 1902K, committed 2112K, reserved 1114112K
  class space    used 189K, committed 320K, reserved 1048576K

Card table byte_map: [0x00000199352b0000,0x00000199356c0000] _byte_map_base: 0x0000019934eb0000

Marking Bits: (ParMarkBitMap*) 0x00007ffe8d433450
 Begin Bits: [0x0000019947dc0000, 0x0000019949dc0000)
 End Bits:   [0x0000019949dc0000, 0x000001994bdc0000)

Polling page: 0x0000019933680000

Metaspace:

Usage:
  Non-class:      1.67 MB used.
      Class:    189.20 KB used.
       Both:      1.86 MB used.

Virtual space:
  Non-class space:       64.00 MB reserved,       1.75 MB (  3%) committed,  1 nodes.
      Class space:        1.00 GB reserved,     320.00 KB ( <1%) committed,  1 nodes.
             Both:        1.06 GB reserved,       2.06 MB ( <1%) committed. 

Chunk freelists:
   Non-Class:  11.65 MB
       Class:  15.67 MB
        Both:  27.32 MB

MaxMetaspaceSize: unlimited
CompressedClassSpaceSize: 1.00 GB
Initial GC threshold: 21.00 MB
Current GC threshold: 21.00 MB
CDS: on
 - commit_granule_bytes: 65536.
 - commit_granule_words: 8192.
 - virtual_space_node_default_size: 8388608.
 - enlarge_chunks_in_place: 1.
 - use_allocation_guard: 0.


Internal statistics:

num_allocs_failed_limit: 0.
num_arena_births: 78.
num_arena_deaths: 0.
num_vsnodes_births: 2.
num_vsnodes_deaths: 0.
num_space_committed: 33.
num_space_uncommitted: 0.
num_chunks_returned_to_freelist: 0.
num_chunks_taken_from_freelist: 100.
num_chunk_merges: 0.
num_chunk_splits: 70.
num_chunks_enlarged: 45.
num_inconsistent_stats: 0.

CodeHeap 'non-profiled nmethods': size=120000Kb used=191Kb max_used=191Kb free=119808Kb
 bounds [0x00000199405e0000, 0x0000019940850000, 0x0000019947b10000]
CodeHeap 'profiled nmethods': size=120000Kb used=896Kb max_used=896Kb free=119103Kb
 bounds [0x0000019938b10000, 0x0000019938d80000, 0x0000019940040000]
CodeHeap 'non-nmethods': size=5760Kb used=1160Kb max_used=1166Kb free=4599Kb
 bounds [0x0000019940040000, 0x00000199402b0000, 0x00000199405e0000]
CodeCache: size=245760Kb, used=2247Kb, max_used=2253Kb, free=243510Kb
 total_blobs=1012, nmethods=601, adapters=318, full_count=0
Compilation: enabled, stopped_count=0, restarted_count=0

Compilation events (20 events):
Event: 7.861 Thread 0x000001998e69b690 nmethod 565 0x0000019938bda590 code [0x0000019938bda7c0, 0x0000019938bdaf30]
Event: 12.908 Thread 0x000001998e69b690  566       1       java.lang.Enum::name (5 bytes)
Event: 12.908 Thread 0x000001998e69b690 nmethod 566 0x000001994060d610 code [0x000001994060d7a0, 0x000001994060d868]
Event: 12.909 Thread 0x000001998e69b690  567   !   3       lombok.patcher.ScriptManager$OurClassFileTransformer::transform (473 bytes)
Event: 12.911 Thread 0x000001998e69b690 nmethod 567 0x0000019938bdb190 code [0x0000019938bdb5a0, 0x0000019938bdd720]
Event: 12.911 Thread 0x000001998e69b690  568       3       java.lang.CharacterDataLatin1::toUpperCaseEx (71 bytes)
Event: 12.911 Thread 0x000001998e69b690 nmethod 568 0x0000019938bde210 code [0x0000019938bde3c0, 0x0000019938bde668]
Event: 12.913 Thread 0x000001998e69b690  569       3       java.util.concurrent.ConcurrentHashMap::put (8 bytes)
Event: 12.913 Thread 0x000001998e69b690 nmethod 569 0x0000019938bde790 code [0x0000019938bde940, 0x0000019938bdea80]
Event: 12.913 Thread 0x000001998e69b690  570       1       sun.util.locale.BaseLocale::getLanguage (5 bytes)
Event: 12.913 Thread 0x000001998e69b690 nmethod 570 0x000001994060d910 code [0x000001994060daa0, 0x000001994060db68]
Event: 12.915 Thread 0x000001998e69b690  572       1       sun.security.util.KnownOIDs::registerNames (2 bytes)
Event: 12.915 Thread 0x000001998e69b690 nmethod 572 0x000001994060dc10 code [0x000001994060dda0, 0x000001994060de68]
Event: 12.915 Thread 0x000001998e69b690  573       3       java.lang.StringLatin1::toUpperCase (186 bytes)
Event: 12.916 Thread 0x000001998e69b690 nmethod 573 0x0000019938bdeb10 code [0x0000019938bdeda0, 0x0000019938bdf878]
Event: 12.918 Thread 0x000001998e69b690  574       3       java.lang.String::toUpperCase (29 bytes)
Event: 12.918 Thread 0x000001998e69b690 nmethod 574 0x0000019938bdfc90 code [0x0000019938bdfe60, 0x0000019938be0118]
Event: 12.918 Thread 0x000001998e69b690  575       3       java.util.Objects::nonNull (10 bytes)
Event: 12.918 Thread 0x000001998e69b690 nmethod 575 0x0000019938be0210 code [0x0000019938be03a0, 0x0000019938be04e0]
Event: 12.918 Thread 0x000001998e69b690  576       3       sun.security.util.KnownOIDs::register (349 bytes)

GC Heap History (0 events):
No events

Dll operation events (8 events):
Event: 0.024 Loaded shared library c:\Users\yasmi\.vscode\extensions\redhat.java-1.54.0-win32-x64\jre\21.0.10-win32-x86_64\bin\java.dll
Event: 0.177 Loaded shared library c:\Users\yasmi\.vscode\extensions\redhat.java-1.54.0-win32-x64\jre\21.0.10-win32-x86_64\bin\zip.dll
Event: 0.223 Loaded shared library C:\Users\yasmi\.vscode\extensions\redhat.java-1.54.0-win32-x64\jre\21.0.10-win32-x86_64\bin\instrument.dll
Event: 0.240 Loaded shared library C:\Users\yasmi\.vscode\extensions\redhat.java-1.54.0-win32-x64\jre\21.0.10-win32-x86_64\bin\net.dll
Event: 0.269 Loaded shared library C:\Users\yasmi\.vscode\extensions\redhat.java-1.54.0-win32-x64\jre\21.0.10-win32-x86_64\bin\nio.dll
Event: 0.280 Loaded shared library C:\Users\yasmi\.vscode\extensions\redhat.java-1.54.0-win32-x64\jre\21.0.10-win32-x86_64\bin\zip.dll
Event: 0.323 Loaded shared library C:\Users\yasmi\.vscode\extensions\redhat.java-1.54.0-win32-x64\jre\21.0.10-win32-x86_64\bin\jimage.dll
Event: 4.604 Loaded shared library c:\Users\yasmi\.vscode\extensions\redhat.java-1.54.0-win32-x64\jre\21.0.10-win32-x86_64\bin\verify.dll

Deoptimization events (20 events):
Event: 6.828 Thread 0x0000019933483cd0 DEOPT PACKING pc=0x0000019938b55418 sp=0x00000037466fa8b0
Event: 6.828 Thread 0x0000019933483cd0 DEOPT UNPACKING pc=0x0000019940094242 sp=0x00000037466f9d70 mode 0
Event: 6.828 Thread 0x0000019933483cd0 DEOPT PACKING pc=0x0000019938b55418 sp=0x00000037466fa840
Event: 6.828 Thread 0x0000019933483cd0 DEOPT UNPACKING pc=0x0000019940094242 sp=0x00000037466f9d00 mode 0
Event: 6.829 Thread 0x0000019933483cd0 DEOPT PACKING pc=0x0000019938b55418 sp=0x00000037466fa510
Event: 6.829 Thread 0x0000019933483cd0 DEOPT UNPACKING pc=0x0000019940094242 sp=0x00000037466f99d0 mode 0
Event: 6.829 Thread 0x0000019933483cd0 DEOPT PACKING pc=0x0000019938b55418 sp=0x00000037466fae30
Event: 6.829 Thread 0x0000019933483cd0 DEOPT UNPACKING pc=0x0000019940094242 sp=0x00000037466fa2f0 mode 0
Event: 7.858 Thread 0x0000019933483cd0 DEOPT PACKING pc=0x0000019938b55418 sp=0x00000037466fae30
Event: 7.858 Thread 0x0000019933483cd0 DEOPT UNPACKING pc=0x0000019940094242 sp=0x00000037466fa2f0 mode 0
Event: 7.859 Thread 0x0000019933483cd0 DEOPT PACKING pc=0x0000019938b55418 sp=0x00000037466fc450
Event: 7.859 Thread 0x0000019933483cd0 DEOPT UNPACKING pc=0x0000019940094242 sp=0x00000037466fb910 mode 0
Event: 7.862 Thread 0x0000019933483cd0 DEOPT PACKING pc=0x0000019938b55418 sp=0x00000037466fc3c0
Event: 7.862 Thread 0x0000019933483cd0 DEOPT UNPACKING pc=0x0000019940094242 sp=0x00000037466fb880 mode 0
Event: 10.892 Thread 0x0000019933483cd0 DEOPT PACKING pc=0x0000019938b55418 sp=0x00000037466fc240
Event: 10.892 Thread 0x0000019933483cd0 DEOPT UNPACKING pc=0x0000019940094242 sp=0x00000037466fb700 mode 0
Event: 12.909 Thread 0x0000019933483cd0 DEOPT PACKING pc=0x0000019938b5533f sp=0x00000037466fac10
Event: 12.909 Thread 0x0000019933483cd0 DEOPT UNPACKING pc=0x0000019940094242 sp=0x00000037466fa0c0 mode 0
Event: 12.910 Thread 0x0000019933483cd0 DEOPT PACKING pc=0x0000019938b55418 sp=0x00000037466fac10
Event: 12.910 Thread 0x0000019933483cd0 DEOPT UNPACKING pc=0x0000019940094242 sp=0x00000037466fa0d0 mode 0

Classes loaded (20 events):
Event: 12.907 Loading class sun/security/util/KnownOIDs$1 done
Event: 12.907 Loading class sun/security/util/KnownOIDs$2
Event: 12.907 Loading class sun/security/util/KnownOIDs$2 done
Event: 12.908 Loading class sun/security/util/KnownOIDs$3
Event: 12.908 Loading class sun/security/util/KnownOIDs$3 done
Event: 12.909 Loading class sun/security/util/KnownOIDs$4
Event: 12.909 Loading class sun/security/util/KnownOIDs$4 done
Event: 12.909 Loading class sun/security/util/KnownOIDs$5
Event: 12.909 Loading class sun/security/util/KnownOIDs$5 done
Event: 12.909 Loading class sun/security/util/KnownOIDs$6
Event: 12.909 Loading class sun/security/util/KnownOIDs$6 done
Event: 12.909 Loading class sun/security/util/KnownOIDs$7
Event: 12.909 Loading class sun/security/util/KnownOIDs$7 done
Event: 12.909 Loading class sun/security/util/KnownOIDs$8
Event: 12.909 Loading class sun/security/util/KnownOIDs$8 done
Event: 12.909 Loading class sun/security/util/KnownOIDs$9
Event: 12.909 Loading class sun/security/util/KnownOIDs$9 done
Event: 12.910 Loading class sun/security/util/KnownOIDs$10
Event: 12.910 Loading class sun/security/util/KnownOIDs$10 done
Event: 12.919 Loading class java/util/LinkedHashMap$LinkedKeySet

Classes unloaded (0 events):
No events

Classes redefined (0 events):
No events

Internal exceptions (11 events):
Event: 0.164 Thread 0x0000019933483cd0 Exception <a 'java/lang/NoSuchMethodError'{0x00000000d57a90a8}: 'void java.lang.invoke.DirectMethodHandle$Holder.invokeStatic(java.lang.Object, java.lang.Object, java.lang.Object)'> (0x00000000d57a90a8) 
thrown [s\src\hotspot\share\interpreter\linkResolver.cpp, line 773]
Event: 0.307 Thread 0x0000019933483cd0 Exception <a 'java/lang/NoSuchMethodError'{0x00000000d5911e28}: 'java.lang.Object java.lang.invoke.Invokers$Holder.invokeExact_MT(java.lang.Object, java.lang.Object, java.lang.Object, java.lang.Object, java.lang.Object)'> (0x00000000d5911e28) 
thrown [s\src\hotspot\share\interpreter\linkResolver.cpp, line 773]
Event: 0.403 Thread 0x0000019933483cd0 Exception <a 'java/lang/NoSuchMethodError'{0x00000000d59ca1e8}: 'int java.lang.invoke.DirectMethodHandle$Holder.invokeSpecial(java.lang.Object, java.lang.Object, java.lang.Object, int)'> (0x00000000d59ca1e8) 
thrown [s\src\hotspot\share\interpreter\linkResolver.cpp, line 773]
Event: 0.406 Thread 0x0000019933483cd0 Exception <a 'java/lang/NoSuchMethodError'{0x00000000d59dcbd0}: 'java.lang.Object java.lang.invoke.DirectMethodHandle$Holder.invokeStatic(java.lang.Object, java.lang.Object, java.lang.Object, java.lang.Object, int)'> (0x00000000d59dcbd0) 
thrown [s\src\hotspot\share\interpreter\linkResolver.cpp, line 773]
Event: 0.409 Thread 0x0000019933483cd0 Exception <a 'java/lang/NoSuchMethodError'{0x00000000d59e8010}: 'void java.lang.invoke.DelegatingMethodHandle$Holder.reinvoke_L(java.lang.Object, java.lang.Object, java.lang.Object, int, java.lang.Object)'> (0x00000000d59e8010) 
thrown [s\src\hotspot\share\interpreter\linkResolver.cpp, line 773]
Event: 0.415 Thread 0x0000019933483cd0 Exception <a 'java/lang/NoSuchMethodError'{0x00000000d59f8960}: 'int java.lang.invoke.DirectMethodHandle$Holder.invokeSpecial(java.lang.Object, java.lang.Object, java.lang.Object)'> (0x00000000d59f8960) 
thrown [s\src\hotspot\share\interpreter\linkResolver.cpp, line 773]
Event: 0.419 Thread 0x0000019933483cd0 Exception <a 'java/lang/NoSuchMethodError'{0x00000000d5a04620}: 'java.lang.Object java.lang.invoke.DirectMethodHandle$Holder.invokeStatic(java.lang.Object, java.lang.Object, int)'> (0x00000000d5a04620) 
thrown [s\src\hotspot\share\interpreter\linkResolver.cpp, line 773]
Event: 0.420 Thread 0x0000019933483cd0 Exception <a 'java/lang/NoSuchMethodError'{0x00000000d5a08f70}: 'void java.lang.invoke.DirectMethodHandle$Holder.invokeStatic(java.lang.Object, java.lang.Object, int, java.lang.Object)'> (0x00000000d5a08f70) 
thrown [s\src\hotspot\share\interpreter\linkResolver.cpp, line 773]
Event: 0.420 Thread 0x0000019933483cd0 Exception <a 'java/lang/NoSuchMethodError'{0x00000000d5a0cb00}: 'void java.lang.invoke.DirectMethodHandle$Holder.invokeSpecial(java.lang.Object, java.lang.Object, java.lang.Object, int, java.lang.Object)'> (0x00000000d5a0cb00) 
thrown [s\src\hotspot\share\interpreter\linkResolver.cpp, line 773]
Event: 0.420 Thread 0x0000019933483cd0 Exception <a 'java/lang/NoSuchMethodError'{0x00000000d5a0ff70}: 'void java.lang.invoke.DelegatingMethodHandle$Holder.delegate(java.lang.Object, java.lang.Object, int, java.lang.Object)'> (0x00000000d5a0ff70) 
thrown [s\src\hotspot\share\interpreter\linkResolver.cpp, line 773]
Event: 4.638 Thread 0x0000019933483cd0 Exception <a 'java/lang/NoSuchMethodError'{0x00000000d5bcefb0}: 'void java.lang.invoke.DelegatingMethodHandle$Holder.reinvoke_L(java.lang.Object, java.lang.Object, java.lang.Object, int)'> (0x00000000d5bcefb0) 
thrown [s\src\hotspot\share\interpreter\linkResolver.cpp, line 773]

ZGC Phase Switch (0 events):
No events

VM Operations (10 events):
Event: 0.171 Executing non-safepoint VM operation: HandshakeAllThreads (Deoptimize)
Event: 0.171 Executing non-safepoint VM operation: HandshakeAllThreads (Deoptimize) done
Event: 0.347 Executing non-safepoint VM operation: HandshakeAllThreads (Deoptimize)
Event: 0.347 Executing non-safepoint VM operation: HandshakeAllThreads (Deoptimize) done
Event: 1.362 Executing safepoint VM operation: Cleanup
Event: 4.607 Executing safepoint VM operation: Cleanup done
Event: 5.613 Executing safepoint VM operation: Cleanup
Event: 5.801 Executing safepoint VM operation: Cleanup done
Event: 7.827 Executing safepoint VM operation: Cleanup
Event: 7.858 Executing safepoint VM operation: Cleanup done

Memory protections (0 events):
No events

Nmethod flushes (0 events):
No events

Events (11 events):
Event: 0.073 Thread 0x0000019933483cd0 Thread added: 0x0000019933483cd0
Event: 0.104 Thread 0x0000019933483cd0 Thread added: 0x00000199358a97a0
Event: 0.104 Thread 0x0000019933483cd0 Thread added: 0x00000199358abf80
Event: 0.104 Thread 0x0000019933483cd0 Thread added: 0x00000199358b46d0
Event: 0.104 Thread 0x0000019933483cd0 Thread added: 0x00000199358b6d50
Event: 0.104 Thread 0x0000019933483cd0 Thread added: 0x00000199358b9640
Event: 0.105 Thread 0x0000019933483cd0 Thread added: 0x00000199358be1b0
Event: 0.105 Thread 0x0000019933483cd0 Thread added: 0x000001998e69d4c0
Event: 0.105 Thread 0x0000019933483cd0 Thread added: 0x000001998e69b690
Event: 0.227 Thread 0x0000019933483cd0 Thread added: 0x000001998e905520
Event: 6.818 Thread 0x0000019933483cd0 Thread added: 0x000001998e9174c0


Dynamic libraries:
0x00007ff7b58f0000 - 0x00007ff7b58fe000 	c:\Users\yasmi\.vscode\extensions\redhat.java-1.54.0-win32-x64\jre\21.0.10-win32-x86_64\bin\java.exe
0x00007fff15ec0000 - 0x00007fff16127000 	C:\WINDOWS\SYSTEM32\ntdll.dll
0x00007fff15190000 - 0x00007fff15259000 	C:\WINDOWS\System32\KERNEL32.DLL
0x00007fff128f0000 - 0x00007fff12ce7000 	C:\WINDOWS\System32\KERNELBASE.dll
0x00007fff10190000 - 0x00007fff10230000 	C:\WINDOWS\SYSTEM32\apphelp.dll
0x00007fff12e60000 - 0x00007fff12fab000 	C:\WINDOWS\System32\ucrtbase.dll
0x00007ffeffa20000 - 0x00007ffeffa38000 	c:\Users\yasmi\.vscode\extensions\redhat.java-1.54.0-win32-x64\jre\21.0.10-win32-x86_64\bin\jli.dll
0x00007fff03f50000 - 0x00007fff03f6e000 	c:\Users\yasmi\.vscode\extensions\redhat.java-1.54.0-win32-x64\jre\21.0.10-win32-x86_64\bin\VCRUNTIME140.dll
0x00007fff156c0000 - 0x00007fff15886000 	C:\WINDOWS\System32\USER32.dll
0x00007fff12fb0000 - 0x00007fff12fd7000 	C:\WINDOWS\System32\win32u.dll
0x00007fff15430000 - 0x00007fff1545b000 	C:\WINDOWS\System32\GDI32.dll
0x00007fff13b10000 - 0x00007fff13c3c000 	C:\WINDOWS\System32\gdi32full.dll
0x00007fff00600000 - 0x00007fff00892000 	C:\WINDOWS\WinSxS\amd64_microsoft.windows.common-controls_6595b64144ccf1df_6.0.26100.8457_none_3e0b2faee331e92d\COMCTL32.dll
0x00007fff13160000 - 0x00007fff13203000 	C:\WINDOWS\System32\msvcp_win.dll
0x00007fff152e0000 - 0x00007fff15389000 	C:\WINDOWS\System32\msvcrt.dll
0x00007fff15390000 - 0x00007fff153c2000 	C:\WINDOWS\System32\IMM32.DLL
0x00007fff0dc30000 - 0x00007fff0dc3c000 	c:\Users\yasmi\.vscode\extensions\redhat.java-1.54.0-win32-x64\jre\21.0.10-win32-x86_64\bin\vcruntime140_1.dll
0x00007ffef07c0000 - 0x00007ffef084d000 	c:\Users\yasmi\.vscode\extensions\redhat.java-1.54.0-win32-x64\jre\21.0.10-win32-x86_64\bin\msvcp140.dll
0x00007ffe8c770000 - 0x00007ffe8d511000 	c:\Users\yasmi\.vscode\extensions\redhat.java-1.54.0-win32-x64\jre\21.0.10-win32-x86_64\bin\server\jvm.dll
0x00007fff15500000 - 0x00007fff155b6000 	C:\WINDOWS\System32\ADVAPI32.dll
0x00007fff144b0000 - 0x00007fff14557000 	C:\WINDOWS\System32\sechost.dll
0x00007fff147f0000 - 0x00007fff14908000 	C:\WINDOWS\System32\RPCRT4.dll
0x00007fff15470000 - 0x00007fff154f0000 	C:\WINDOWS\System32\WS2_32.dll
0x00007fff12750000 - 0x00007fff127ae000 	C:\WINDOWS\SYSTEM32\POWRPROF.dll
0x00007fff0b990000 - 0x00007fff0b9c6000 	C:\WINDOWS\SYSTEM32\WINMM.dll
0x00007fff0bff0000 - 0x00007fff0bffb000 	C:\WINDOWS\SYSTEM32\VERSION.dll
0x00007fff12730000 - 0x00007fff12744000 	C:\WINDOWS\SYSTEM32\UMPDC.dll
0x00007fff11680000 - 0x00007fff1169b000 	C:\WINDOWS\SYSTEM32\kernel.appcore.dll
0x00007fff063b0000 - 0x00007fff063ba000 	c:\Users\yasmi\.vscode\extensions\redhat.java-1.54.0-win32-x64\jre\21.0.10-win32-x86_64\bin\jimage.dll
0x00007fff08360000 - 0x00007fff085a2000 	C:\WINDOWS\SYSTEM32\DBGHELP.DLL
0x00007fff13cd0000 - 0x00007fff14053000 	C:\WINDOWS\System32\combase.dll
0x00007fff14710000 - 0x00007fff147e9000 	C:\WINDOWS\System32\OLEAUT32.dll
0x00007fff080b0000 - 0x00007fff080eb000 	C:\WINDOWS\SYSTEM32\dbgcore.DLL
0x00007fff12db0000 - 0x00007fff12e58000 	C:\WINDOWS\System32\bcryptPrimitives.dll
0x00007fff031b0000 - 0x00007fff031bf000 	c:\Users\yasmi\.vscode\extensions\redhat.java-1.54.0-win32-x64\jre\21.0.10-win32-x86_64\bin\instrument.dll
0x00007ffeff930000 - 0x00007ffeff950000 	c:\Users\yasmi\.vscode\extensions\redhat.java-1.54.0-win32-x64\jre\21.0.10-win32-x86_64\bin\java.dll
0x00007fff14910000 - 0x00007fff1507e000 	C:\WINDOWS\System32\SHELL32.dll
0x00007fff13210000 - 0x00007fff13a7c000 	C:\WINDOWS\System32\windows.storage.dll
0x00007fff14390000 - 0x00007fff14486000 	C:\WINDOWS\System32\SHCORE.dll
0x00007fff140b0000 - 0x00007fff14116000 	C:\WINDOWS\System32\shlwapi.dll
0x00007fff12810000 - 0x00007fff12839000 	C:\WINDOWS\SYSTEM32\profapi.dll
0x00007ffef84a0000 - 0x00007ffef84b8000 	c:\Users\yasmi\.vscode\extensions\redhat.java-1.54.0-win32-x64\jre\21.0.10-win32-x86_64\bin\zip.dll
0x00007ffeff1a0000 - 0x00007ffeff1b0000 	C:\Users\yasmi\.vscode\extensions\redhat.java-1.54.0-win32-x64\jre\21.0.10-win32-x86_64\bin\net.dll
0x00007fff0bc50000 - 0x00007fff0bd79000 	C:\WINDOWS\SYSTEM32\WINHTTP.dll
0x00007fff11bf0000 - 0x00007fff11c5c000 	C:\WINDOWS\system32\mswsock.dll
0x00007ffef6140000 - 0x00007ffef6156000 	C:\Users\yasmi\.vscode\extensions\redhat.java-1.54.0-win32-x64\jre\21.0.10-win32-x86_64\bin\nio.dll
0x00007ffefcda0000 - 0x00007ffefcdb0000 	c:\Users\yasmi\.vscode\extensions\redhat.java-1.54.0-win32-x64\jre\21.0.10-win32-x86_64\bin\verify.dll

JVMTI agents:
c:\Users\yasmi\.vscode\extensions\redhat.java-1.54.0-win32-x64\lombok\lombok-1.18.39-4050.jar path:c:\Users\yasmi\.vscode\extensions\redhat.java-1.54.0-win32-x64\jre\21.0.10-win32-x86_64\bin\instrument.dll, loaded, initialized, instrumentlib options:none

dbghelp: loaded successfully - version: 4.0.5 - missing functions: none
symbol engine: initialized successfully - sym options: 0x614 - pdb path: .;c:\Users\yasmi\.vscode\extensions\redhat.java-1.54.0-win32-x64\jre\21.0.10-win32-x86_64\bin;C:\WINDOWS\SYSTEM32;C:\WINDOWS\WinSxS\amd64_microsoft.windows.common-controls_6595b64144ccf1df_6.0.26100.8457_none_3e0b2faee331e92d;c:\Users\yasmi\.vscode\extensions\redhat.java-1.54.0-win32-x64\jre\21.0.10-win32-x86_64\bin\server

VM Arguments:
jvm_args: --add-modules=ALL-SYSTEM --add-opens=java.base/java.util=ALL-UNNAMED --add-opens=java.base/java.lang=ALL-UNNAMED --add-opens=java.base/sun.nio.fs=ALL-UNNAMED -Declipse.application=org.eclipse.jdt.ls.core.id1 -Dosgi.bundles.defaultStartLevel=4 -Declipse.product=org.eclipse.jdt.ls.core.product -Djava.import.generatesMetadataFilesAtProjectRoot=false -DDetectVMInstallationsJob.disabled=true -Dfile.encoding=utf8 -XX:+UseParallelGC -XX:GCTimeRatio=4 -XX:AdaptiveSizePolicyWeight=90 -Dsun.zip.disableMemoryMapping=true -Xmx2G -Xms100m -Xlog:disable -javaagent:c:\Users\yasmi\.vscode\extensions\redhat.java-1.54.0-win32-x64\lombok\lombok-1.18.39-4050.jar -XX:+HeapDumpOnOutOfMemoryError -XX:HeapDumpPath=c:\Users\yasmi\AppData\Roaming\Code\User\workspaceStorage\fb95885e1149e0d0c16ecc87a50d2199\redhat.java -Daether.dependencyCollector.impl=bf 
java_command: c:\Users\yasmi\.vscode\extensions\redhat.java-1.54.0-win32-x64\server\plugins\org.eclipse.equinox.launcher_1.7.100.v20251111-0406.jar -configuration c:\Users\yasmi\AppData\Roaming\Code\User\globalStorage\redhat.java\1.54.0\config_win -data c:\Users\yasmi\AppData\Roaming\Code\User\workspaceStorage\fb95885e1149e0d0c16ecc87a50d2199\redhat.java\jdt_ws --pipe=\\.\pipe\lsp-0c406d5cd0281c1c934cfc84dc5587f0-sock
java_class_path (initial): c:\Users\yasmi\.vscode\extensions\redhat.java-1.54.0-win32-x64\server\plugins\org.eclipse.equinox.launcher_1.7.100.v20251111-0406.jar
Launcher Type: SUN_STANDARD

[Global flags]
    uintx AdaptiveSizePolicyWeight                 = 90                                        {product} {command line}
     intx CICompilerCount                          = 4                                         {product} {ergonomic}
    uintx GCTimeRatio                              = 4                                         {product} {command line}
     bool HeapDumpOnOutOfMemoryError               = true                                   {manageable} {command line}
    ccstr HeapDumpPath                             = c:\Users\yasmi\AppData\Roaming\Code\User\workspaceStorage\fb95885e1149e0d0c16ecc87a50d2199\redhat.java         {manageable} {command line}
   size_t InitialHeapSize                          = 104857600                                 {product} {command line}
   size_t MaxHeapSize                              = 2147483648                                {product} {command line}
   size_t MaxNewSize                               = 715653120                                 {product} {ergonomic}
   size_t MinHeapDeltaBytes                        = 524288                                    {product} {ergonomic}
   size_t MinHeapSize                              = 104857600                                 {product} {command line}
   size_t NewSize                                  = 34603008                                  {product} {ergonomic}
    uintx NonNMethodCodeHeapSize                   = 5839372                                {pd product} {ergonomic}
    uintx NonProfiledCodeHeapSize                  = 122909434                              {pd product} {ergonomic}
   size_t OldSize                                  = 70254592                                  {product} {ergonomic}
    uintx ProfiledCodeHeapSize                     = 122909434                              {pd product} {ergonomic}
    uintx ReservedCodeCacheSize                    = 251658240                              {pd product} {ergonomic}
     bool SegmentedCodeCache                       = true                                      {product} {ergonomic}
   size_t SoftMaxHeapSize                          = 2147483648                             {manageable} {ergonomic}
     bool UseCompressedOops                        = true                           {product lp64_product} {ergonomic}
     bool UseLargePagesIndividualAllocation        = false                                  {pd product} {ergonomic}
     bool UseParallelGC                            = true                                      {product} {command line}

Logging:
Log output configuration:
 #0: stdout all=off uptime,level,tags foldmultilines=false
 #1: stderr all=off uptime,level,tags foldmultilines=false

Release file:
JAVA_VERSION="21.0.10" 
MODULES="java.base java.compiler java.datatransfer java.xml java.prefs java.desktop java.instrument java.logging java.management java.security.sasl java.naming java.rmi java.management.rmi java.net.http java.scripting java.security.jgss java.transaction.xa java.sql java.sql.rowset java.xml.crypto java.se java.smartcardio jdk.accessibility jdk.internal.jvmstat jdk.attach jdk.charsets jdk.internal.opt jdk.zipfs jdk.compiler jdk.crypto.ec jdk.crypto.cryptoki jdk.crypto.mscapi jdk.dynalink jdk.internal.ed jdk.editpad jdk.hotspot.agent jdk.httpserver jdk.internal.le jdk.internal.vm.ci jdk.internal.vm.compiler jdk.internal.vm.compiler.management jdk.jartool jdk.javadoc jdk.jcmd jdk.management jdk.management.agent jdk.jconsole jdk.jdeps jdk.jdwp.agent jdk.jdi jdk.jfr jdk.jshell jdk.jsobject jdk.jstatd jdk.localedata jdk.management.jfr jdk.naming.dns jdk.naming.rmi jdk.net jdk.nio.mapmode jdk.random jdk.sctp jdk.security.auth jdk.security.jgss jdk.unsupported jdk.unsupported.desktop jdk.xml.dom" 

Environment Variables:
JAVA_HOME=C:\JDK amazon\amazon-corretto-21.0.7.6.1-windows-x64.msi
PATH=C:\Program Files\Amazon Corretto\jdk21.0.7_6\bin;C:\Program Files\Common Files\Oracle\Java\javapath;C:\WINDOWS\system32;C:\WINDOWS;C:\WINDOWS\System32\Wbem;C:\WINDOWS\System32\WindowsPowerShell\v1.0\;C:\WINDOWS\System32\OpenSSH\;C:\Program Files\Git\cmd;C:\Program Files\Amazon Corretto\jdk21.0.7_6\bin;%GRADLE_HOME%\bin;%MAVEN_HOME%\bin;C:\Program Files\Amazon Corretto\jdk21.0.7_6\bin;C:\Program Files\nodejs\;C:\MinGW\bin;C:\Users\yasmi\AppData\Local\Microsoft\WindowsApps;C:\Users\yasmi\AppData\Local\Programs\Microsoft VS Code\bin;C:\Users\yasmi\AppData\Roaming\npm
USERNAME=yasmi
OS=Windows_NT
PROCESSOR_IDENTIFIER=AMD64 Family 23 Model 104 Stepping 1, AuthenticAMD
TMP=C:\Users\yasmi\AppData\Local\Temp
TEMP=C:\Users\yasmi\AppData\Local\Temp




Periodic native trim disabled

---------------  S Y S T E M  ---------------

OS:
 Windows 11 , 64 bit Build 26100 (10.0.26100.8328)
OS uptime: 2 days 20:52 hours

CPU: total 12 (initial active 12) (12 cores per cpu, 2 threads per core) family 23 model 104 stepping 1 microcode 0x8608103, cx8, cmov, fxsr, ht, mmx, 3dnowpref, sse, sse2, sse3, ssse3, sse4a, sse4.1, sse4.2, popcnt, lzcnt, tsc, tscinvbit, avx, avx2, aes, clmul, bmi1, bmi2, adx, sha, fma, vzeroupper, clflush, clflushopt, rdtscp, rdpid, f16c
Processor Information for processor 0
  Max Mhz: 2100, Current Mhz: 1988, Mhz Limit: 2100
Processor Information for processor 1
  Max Mhz: 2100, Current Mhz: 2100, Mhz Limit: 2100
Processor Information for processor 2
  Max Mhz: 2100, Current Mhz: 1988, Mhz Limit: 2100
Processor Information for processor 3
  Max Mhz: 2100, Current Mhz: 1988, Mhz Limit: 2100
Processor Information for processor 4
  Max Mhz: 2100, Current Mhz: 1988, Mhz Limit: 2100
Processor Information for processor 5
  Max Mhz: 2100, Current Mhz: 1988, Mhz Limit: 2100
Processor Information for processor 6
  Max Mhz: 2100, Current Mhz: 2100, Mhz Limit: 2100
Processor Information for processor 7
  Max Mhz: 2100, Current Mhz: 1988, Mhz Limit: 2100
Processor Information for processor 8
  Max Mhz: 2100, Current Mhz: 1988, Mhz Limit: 2100
Processor Information for processor 9
  Max Mhz: 2100, Current Mhz: 1988, Mhz Limit: 2100
Processor Information for processor 10
  Max Mhz: 2100, Current Mhz: 1988, Mhz Limit: 2100
Processor Information for processor 11
  Max Mhz: 2100, Current Mhz: 1988, Mhz Limit: 2100

Memory: 4k page, system-wide physical 3429M (282M free)
TotalPageFile size 14181M (AvailPageFile size 0M)
current process WorkingSet (physical memory assigned to process): 46M, peak: 52M
current process commit charge ("private bytes"): 234M, peak: 234M

vm_info: OpenJDK 64-Bit Server VM (21.0.10+7-LTS) for windows-amd64 JRE (21.0.10+7-LTS), built on 2026-01-20T00:00:00Z by "admin" with MS VC++ 17.12 (VS2022)

END.
